SF:lib/core/utils/similarity_between_strings.dart
DA:1,1
DA:2,5
DA:4,2
DA:5,3
DA:6,1
LF:5
LH:5
end_of_record
SF:lib/features/character/presentation/viewmodel/character_favourite_provider.dart
DA:13,1
DA:15,4
DA:16,2
DA:19,1
DA:20,3
DA:21,1
DA:24,0
DA:25,0
DA:26,0
DA:28,2
DA:29,4
DA:34,0
DA:35,0
LF:13
LH:8
end_of_record
SF:lib/features/character/presentation/viewmodel/character_favourite_provider.g.dart
DA:9,1
DA:14,3
LF:2
LH:2
end_of_record
SF:lib/features/shared/model/entities/character/character.dart
DA:24,7
DA:25,7
LF:2
LH:2
end_of_record
SF:lib/features/shared/model/entities/character/character.g.dart
DA:9,7
DA:10,7
DA:11,14
DA:12,7
DA:13,7
DA:14,7
DA:15,7
DA:16,7
DA:17,14
DA:18,14
DA:19,7
DA:21,28
DA:22,7
DA:23,7
DA:26,1
DA:27,1
DA:28,1
DA:29,1
DA:30,1
DA:31,1
DA:32,1
DA:33,1
DA:34,2
DA:35,2
DA:36,1
DA:37,1
DA:38,1
DA:39,1
LF:28
LH:28
end_of_record
SF:lib/features/home/presentation/filter_by_gender/viewmodel/female_characters_provider.dart
DA:7,2
DA:8,2
DA:9,2
DA:10,1
LF:4
LH:4
end_of_record
SF:lib/features/home/presentation/filter_by_gender/viewmodel/filter_by_gender_provider.dart
DA:16,1
DA:20,2
DA:22,1
DA:23,1
DA:24,1
DA:27,1
DA:29,3
DA:31,2
DA:32,1
DA:37,2
DA:40,2
DA:41,5
DA:42,1
DA:48,1
DA:50,4
DA:51,5
DA:54,0
DA:55,0
DA:58,1
DA:59,3
DA:60,1
DA:62,1
DA:63,5
DA:64,3
DA:65,2
DA:71,1
DA:72,2
DA:73,2
DA:77,4
DA:81,4
LF:30
LH:28
end_of_record
SF:lib/features/shared/data/repositories/rick_and_morty_api_repository_impl.dart
DA:7,3
DA:9,3
DA:12,6
DA:15,3
DA:18,6
LF:5
LH:5
end_of_record
SF:lib/features/home/presentation/filter_by_gender/viewmodel/male_characters_provider.dart
DA:7,2
DA:8,2
DA:9,2
DA:10,1
LF:4
LH:4
end_of_record
SF:lib/features/home/presentation/filter_by_gender/viewmodel/unknown_characters_provider.dart
DA:7,2
DA:8,2
DA:9,2
DA:10,1
LF:4
LH:4
end_of_record
SF:lib/features/shared/data/database/repository/favourites_respository_impl.dart
DA:9,1
DA:11,1
DA:13,2
DA:14,1
DA:15,4
DA:18,1
DA:20,2
DA:22,2
DA:23,5
DA:26,1
DA:28,2
DA:30,3
LF:12
LH:12
end_of_record
SF:lib/features/shared/data/database/services/favourites_database.dart
DA:6,0
DA:10,0
DA:12,0
DA:13,0
DA:15,0
DA:19,0
DA:20,0
DA:21,0
DA:22,0
DA:23,0
LF:10
LH:0
end_of_record
SF:lib/features/shared/data/datasources/rick_and_morty_api_datasource_impl.dart
DA:11,1
DA:15,1
DA:16,1
DA:17,3
DA:18,1
DA:21,0
DA:25,0
DA:26,0
DA:29,1
DA:33,2
DA:34,1
DA:36,2
DA:37,1
DA:38,1
DA:39,0
DA:40,0
DA:41,1
DA:42,0
DA:44,0
DA:45,1
DA:46,1
DA:47,1
DA:49,0
DA:50,0
DA:54,3
DA:55,1
DA:56,1
LF:27
LH:18
end_of_record
SF:lib/features/shared/data/mappers/character_mapper.dart
DA:4,2
DA:5,1
DA:6,1
DA:7,1
DA:8,1
DA:9,3
DA:10,1
DA:11,1
DA:12,1
DA:13,1
DA:14,1
DA:15,1
DA:16,1
LF:13
LH:13
end_of_record
SF:lib/features/shared/exceptions/exceptions.dart
DA:5,1
DA:6,1
DA:8,0
DA:9,0
DA:13,0
DA:20,0
DA:27,1
DA:34,0
LF:8
LH:3
end_of_record
SF:lib/features/shared/data/providers/database_provider.g.dart
DA:9,0
DA:13,3
LF:2
LH:1
end_of_record
SF:lib/features/shared/data/providers/database_provider.dart
DA:9,0
DA:11,0
LF:2
LH:0
end_of_record
SF:lib/features/shared/data/providers/repository_provider.g.dart
DA:9,0
DA:13,6
DA:14,3
LF:3
LH:2
end_of_record
SF:lib/features/shared/data/providers/repository_provider.dart
DA:8,0
DA:10,0
DA:11,0
LF:3
LH:0
end_of_record
SF:lib/features/shared/model/entities/location/location.dart
DA:13,7
DA:14,7
LF:2
LH:2
end_of_record
SF:lib/features/shared/model/entities/location/location.g.dart
DA:9,7
DA:10,7
DA:11,7
DA:12,7
DA:15,1
DA:16,1
DA:17,1
DA:18,1
LF:8
LH:8
end_of_record
SF:lib/features/shared/model/entities/character_response/character_response.dart
DA:14,1
DA:15,1
LF:2
LH:2
end_of_record
SF:lib/features/shared/model/entities/character_response/character_response.g.dart
DA:9,1
DA:11,1
DA:12,2
DA:13,1
DA:14,3
DA:15,1
DA:19,0
DA:21,0
DA:22,0
DA:23,0
LF:10
LH:6
end_of_record
SF:lib/features/shared/model/entities/info/info.dart
DA:15,8
LF:1
LH:1
end_of_record
SF:lib/features/shared/model/entities/info/info.g.dart
DA:9,8
DA:10,8
DA:11,8
DA:12,4
DA:13,4
DA:16,0
DA:17,0
DA:18,0
DA:19,0
DA:20,0
DA:21,0
LF:11
LH:5
end_of_record
SF:lib/features/home/presentation/swiper/viewmodel/main_characters_provider.dart
DA:14,1
DA:16,4
DA:17,1
DA:20,1
DA:21,2
DA:23,3
LF:6
LH:6
end_of_record
SF:lib/features/home/presentation/swiper/viewmodel/main_characters_provider.g.dart
DA:9,1
DA:13,2
DA:14,1
LF:3
LH:3
end_of_record
SF:lib/features/filter_search/presentation/viewmodel/shared/get_all_characters.dart
DA:12,1
DA:14,1
DA:17,1
DA:18,1
DA:22,1
DA:24,2
DA:25,2
DA:26,1
DA:27,5
DA:30,1
DA:33,1
DA:35,2
DA:36,1
DA:39,1
DA:40,2
DA:41,1
DA:42,1
LF:17
LH:17
end_of_record
SF:lib/features/filter_search/presentation/viewmodel/shared/get_all_characters.g.dart
DA:9,1
DA:13,2
DA:14,1
LF:3
LH:3
end_of_record
SF:lib/features/filter_search/presentation/viewmodel/shared/is_first_search_provider.dart
DA:7,0
DA:12,0
DA:13,0
DA:14,0
LF:4
LH:0
end_of_record
SF:lib/features/filter_search/presentation/viewmodel/shared/is_first_search_provider.g.dart
DA:9,0
DA:13,0
DA:14,0
LF:3
LH:0
end_of_record
SF:lib/features/filter_search/presentation/viewmodel/shared/is_using_filter_provider.dart
DA:7,0
DA:12,0
DA:13,0
LF:3
LH:0
end_of_record
SF:lib/features/filter_search/presentation/viewmodel/shared/is_using_filter_provider.g.dart
DA:9,0
DA:13,0
DA:14,0
LF:3
LH:0
end_of_record
SF:lib/features/filter_search/presentation/viewmodel/shared/pages_charged_provider.dart
DA:7,1
DA:12,3
DA:14,0
LF:3
LH:2
end_of_record
SF:lib/features/filter_search/presentation/viewmodel/shared/pages_charged_provider.g.dart
DA:9,1
DA:13,3
LF:2
LH:2
end_of_record
