SF:lib/core/utils/similarity_between_strings.dart
DA:1,1
DA:2,5
DA:4,2
DA:5,3
DA:6,1
LF:5
LH:5
end_of_record
SF:lib/features/shared/data/datasources/rick_and_morty_api_datasource_impl.dart
DA:11,0
DA:14,1
DA:18,1
DA:19,1
DA:20,3
DA:21,1
DA:24,0
DA:28,0
DA:29,0
DA:32,1
DA:36,2
DA:37,1
DA:39,2
DA:40,1
DA:41,1
DA:42,0
DA:43,0
DA:44,1
DA:45,0
DA:47,0
DA:48,1
DA:49,1
DA:50,1
DA:52,0
DA:53,0
DA:57,3
DA:58,1
DA:59,1
LF:28
LH:18
end_of_record
SF:lib/features/shared/model/entities/info/info.dart
DA:15,8
LF:1
LH:1
end_of_record
SF:lib/features/shared/model/entities/info/info.g.dart
DA:9,8
DA:10,8
DA:11,8
DA:12,4
DA:13,4
DA:16,0
DA:17,0
DA:18,0
DA:19,0
DA:20,0
DA:21,0
LF:11
LH:5
end_of_record
SF:lib/features/shared/model/entities/character_response/character_response.dart
DA:14,1
DA:15,1
LF:2
LH:2
end_of_record
SF:lib/features/shared/model/entities/character_response/character_response.g.dart
DA:9,1
DA:11,1
DA:12,2
DA:13,1
DA:14,3
DA:15,1
DA:19,0
DA:21,0
DA:22,0
DA:23,0
LF:10
LH:6
end_of_record
SF:lib/features/shared/data/providers/r_and_m_repository_provider.g.dart
DA:9,0
DA:14,6
DA:15,3
LF:3
LH:2
end_of_record
SF:lib/features/shared/data/providers/r_and_m_repository_provider.dart
DA:8,0
DA:10,0
DA:11,0
LF:3
LH:0
end_of_record
SF:lib/features/shared/data/repositories/rick_and_morty_api_repository_impl.dart
DA:7,3
DA:9,3
DA:12,6
DA:15,3
DA:18,6
LF:5
LH:5
end_of_record
SF:lib/features/shared/model/entities/character/character.dart
DA:26,7
DA:27,7
LF:2
LH:2
end_of_record
SF:lib/features/shared/model/entities/character/character.g.dart
DA:9,7
DA:10,7
DA:11,14
DA:12,7
DA:13,7
DA:14,7
DA:15,7
DA:16,7
DA:18,14
DA:20,14
DA:21,7
DA:23,28
DA:24,7
DA:25,7
DA:28,1
DA:29,1
DA:30,1
DA:31,1
DA:32,1
DA:33,1
DA:34,1
DA:35,1
DA:36,2
DA:37,2
DA:38,1
DA:39,1
DA:40,1
DA:41,1
LF:28
LH:28
end_of_record
SF:lib/features/home/presentation/filter_by_gender/viewmodel/filter_by_gender_provider.dart
DA:8,0
DA:21,1
DA:25,2
DA:27,1
DA:28,1
DA:29,1
DA:32,1
DA:34,3
DA:36,2
DA:37,1
DA:42,2
DA:45,4
DA:46,1
DA:48,1
DA:49,4
DA:50,5
DA:53,1
DA:54,1
DA:55,3
DA:56,3
DA:57,3
DA:61,0
DA:62,0
DA:65,1
DA:66,3
DA:67,1
DA:69,1
DA:70,5
DA:71,4
DA:72,2
DA:78,1
DA:79,2
DA:80,2
DA:84,4
DA:85,3
DA:86,1
DA:89,4
LF:37
LH:34
end_of_record
SF:lib/features/home/presentation/filter_by_gender/viewmodel/sealed_genders.dart
DA:2,7
DA:6,7
DA:10,7
DA:14,7
LF:4
LH:4
end_of_record
SF:lib/features/home/presentation/filter_by_gender/viewmodel/providers.dart
DA:7,3
DA:8,1
DA:9,2
DA:10,1
DA:17,4
DA:19,4
DA:21,4
LF:7
LH:7
end_of_record
SF:lib/features/shared/data/mappers/character_mapper.dart
DA:4,2
DA:5,1
DA:6,1
DA:7,1
DA:8,1
DA:9,3
DA:10,1
DA:11,1
DA:12,1
DA:13,1
DA:14,1
DA:15,1
DA:16,1
LF:13
LH:13
end_of_record
SF:lib/features/shared/exceptions/exceptions.dart
DA:5,1
DA:6,1
DA:8,0
DA:9,0
DA:13,0
DA:20,0
DA:27,1
DA:34,0
LF:8
LH:3
end_of_record
SF:lib/features/shared/model/entities/location/location_converter.dart
DA:6,21
DA:8,7
DA:9,7
DA:11,1
DA:12,1
LF:5
LH:5
end_of_record
SF:lib/features/shared/model/entities/location/location.dart
DA:13,7
DA:14,7
LF:2
LH:2
end_of_record
SF:lib/features/shared/model/entities/location/location.g.dart
DA:9,7
DA:10,7
DA:11,7
DA:12,7
DA:15,1
DA:16,1
DA:17,1
DA:18,1
LF:8
LH:8
end_of_record
SF:lib/features/home/presentation/swiper/viewmodel/main_characters_provider.dart
DA:14,1
DA:16,4
DA:17,1
DA:20,1
DA:21,2
DA:23,3
LF:6
LH:6
end_of_record
SF:lib/features/home/presentation/swiper/viewmodel/main_characters_provider.g.dart
DA:9,1
DA:13,2
DA:14,1
LF:3
LH:3
end_of_record
SF:lib/features/shared/data/database/favourites_database_impl.dart
DA:10,1
DA:12,1
DA:14,2
DA:15,1
DA:16,4
DA:19,1
DA:21,2
DA:23,2
DA:24,5
DA:27,1
DA:29,2
DA:31,3
LF:12
LH:12
end_of_record
SF:lib/features/shared/data/database/services/sembast_service.dart
DA:7,0
DA:11,0
DA:13,0
DA:15,0
DA:19,0
DA:20,0
DA:21,0
DA:22,0
DA:23,0
LF:9
LH:0
end_of_record
SF:lib/features/shared/data/providers/sembast_database_provider.g.dart
DA:9,0
DA:14,2
DA:15,1
LF:3
LH:2
end_of_record
SF:lib/features/shared/data/providers/sembast_database_provider.dart
DA:9,0
DA:11,0
LF:2
LH:0
end_of_record
SF:lib/features/character/presentation/viewmodel/character_favourite_provider.dart
DA:13,1
DA:15,4
DA:16,2
DA:19,1
DA:20,3
DA:21,1
DA:24,0
DA:25,0
DA:26,0
DA:28,2
DA:29,4
DA:34,0
DA:35,0
LF:13
LH:8
end_of_record
SF:lib/features/character/presentation/viewmodel/character_favourite_provider.g.dart
DA:9,1
DA:14,3
LF:2
LH:2
end_of_record
SF:lib/features/filter_search/presentation/viewmodel/shared/get_all_characters.dart
DA:12,1
DA:22,1
DA:27,1
DA:29,1
DA:32,1
DA:33,4
DA:34,1
DA:36,3
DA:37,1
DA:38,1
DA:39,2
DA:41,2
DA:42,2
DA:43,1
DA:44,5
DA:47,2
DA:50,1
DA:52,2
DA:53,1
DA:56,1
DA:57,2
DA:58,1
DA:59,1
LF:23
LH:23
end_of_record
SF:lib/features/filter_search/presentation/viewmodel/shared/get_all_characters.g.dart
DA:9,1
DA:13,2
DA:14,1
LF:3
LH:3
end_of_record
SF:lib/features/filter_search/presentation/viewmodel/shared/is_first_search_provider.dart
DA:7,0
DA:12,0
DA:13,0
DA:14,0
LF:4
LH:0
end_of_record
SF:lib/features/filter_search/presentation/viewmodel/shared/is_first_search_provider.g.dart
DA:9,0
DA:13,0
DA:14,0
LF:3
LH:0
end_of_record
SF:lib/features/filter_search/presentation/viewmodel/shared/is_using_filter_provider.dart
DA:7,0
DA:12,0
DA:13,0
LF:3
LH:0
end_of_record
SF:lib/features/filter_search/presentation/viewmodel/shared/is_using_filter_provider.g.dart
DA:9,0
DA:13,0
DA:14,0
LF:3
LH:0
end_of_record
SF:lib/features/filter_search/presentation/viewmodel/shared/pages_charged_provider.dart
DA:7,1
DA:12,3
DA:14,0
LF:3
LH:2
end_of_record
SF:lib/features/filter_search/presentation/viewmodel/shared/pages_charged_provider.g.dart
DA:9,1
DA:13,3
LF:2
LH:2
end_of_record
